<?xml version="1.0" encoding="UTF-8"?>
<testng-results ignored="0" total="2" passed="2" failed="0" skipped="0">
  <reporter-output>
  </reporter-output>
  <suite started-at="2024-12-28T18:11:25 IST" name="Suite" finished-at="2024-12-28T18:11:41 IST" duration-ms="15957">
    <groups>
      <group name="Master">
        <method signature="TC_001_AccRegistrationTest.test_account_Registration()[pri:0, instance:testCases.TC_001_AccRegistrationTest@127a7a2e]" name="test_account_Registration" class="testCases.TC_001_AccRegistrationTest"/>
        <method signature="TC_002_LoginTest.test_Login()[pri:0, instance:testCases.TC_002_LoginTest@45ac5f9b]" name="test_Login" class="testCases.TC_002_LoginTest"/>
      </group> <!-- Master -->
      <group name="Sanity">
        <method signature="TC_002_LoginTest.test_Login()[pri:0, instance:testCases.TC_002_LoginTest@45ac5f9b]" name="test_Login" class="testCases.TC_002_LoginTest"/>
      </group> <!-- Sanity -->
      <group name="Regression">
        <method signature="TC_001_AccRegistrationTest.test_account_Registration()[pri:0, instance:testCases.TC_001_AccRegistrationTest@127a7a2e]" name="test_account_Registration" class="testCases.TC_001_AccRegistrationTest"/>
      </group> <!-- Regression -->
    </groups>
    <test started-at="2024-12-28T18:11:25 IST" name="Test" finished-at="2024-12-28T18:11:41 IST" duration-ms="15957">
      <class name="testCases.TC_002_LoginTest">
        <test-method is-config="true" signature="setup(java.lang.String,java.lang.String)[pri:0, instance:testCases.TC_002_LoginTest@45ac5f9b]" started-at="2024-12-28T18:11:36 IST" name="setup" finished-at="2024-12-28T18:11:38 IST" duration-ms="2671" status="PASS">
          <params>
            <param index="0">
              <value>
                <![CDATA[Windows]]>
              </value>
            </param>
            <param index="1">
              <value>
                <![CDATA[chrome]]>
              </value>
            </param>
          </params>
          <reporter-output>
          </reporter-output>
        </test-method> <!-- setup -->
        <test-method signature="test_Login()[pri:0, instance:testCases.TC_002_LoginTest@45ac5f9b]" started-at="2024-12-28T18:11:38 IST" name="test_Login" finished-at="2024-12-28T18:11:41 IST" duration-ms="2574" status="PASS">
          <reporter-output>
          </reporter-output>
        </test-method> <!-- test_Login -->
        <test-method is-config="true" signature="tearDown()[pri:0, instance:testCases.TC_002_LoginTest@45ac5f9b]" started-at="2024-12-28T18:11:41 IST" name="tearDown" finished-at="2024-12-28T18:11:41 IST" duration-ms="233" status="PASS">
          <reporter-output>
          </reporter-output>
        </test-method> <!-- tearDown -->
      </class> <!-- testCases.TC_002_LoginTest -->
      <class name="testCases.TC_001_AccRegistrationTest">
        <test-method is-config="true" signature="setup(java.lang.String,java.lang.String)[pri:0, instance:testCases.TC_001_AccRegistrationTest@127a7a2e]" started-at="2024-12-28T18:11:26 IST" name="setup" finished-at="2024-12-28T18:11:30 IST" duration-ms="3836" status="PASS">
          <params>
            <param index="0">
              <value>
                <![CDATA[Windows]]>
              </value>
            </param>
            <param index="1">
              <value>
                <![CDATA[chrome]]>
              </value>
            </param>
          </params>
          <reporter-output>
          </reporter-output>
        </test-method> <!-- setup -->
        <test-method signature="test_account_Registration()[pri:0, instance:testCases.TC_001_AccRegistrationTest@127a7a2e]" started-at="2024-12-28T18:11:30 IST" name="test_account_Registration" finished-at="2024-12-28T18:11:36 IST" duration-ms="5973" status="PASS">
          <reporter-output>
          </reporter-output>
        </test-method> <!-- test_account_Registration -->
        <test-method is-config="true" signature="tearDown()[pri:0, instance:testCases.TC_001_AccRegistrationTest@127a7a2e]" started-at="2024-12-28T18:11:36 IST" name="tearDown" finished-at="2024-12-28T18:11:36 IST" duration-ms="248" status="PASS">
          <reporter-output>
          </reporter-output>
        </test-method> <!-- tearDown -->
      </class> <!-- testCases.TC_001_AccRegistrationTest -->
    </test> <!-- Test -->
  </suite> <!-- Suite -->
</testng-results>
